<?xml version="1.0" encoding="UTF-8"?>
<!-- Generated by org.testng.reporters.JUnitReportReporter -->
<testsuite hostname="Juliet" failures="0" tests="1" name="tests.HomePageTest" time="28.900" errors="0" timestamp="2024-01-31T08:37:57 PST" skipped="0">
  <testcase classname="tests.HomePageTest" name="addProductToCart" time="28.900"/>
</testsuite> <!-- tests.HomePageTest -->
